<?xml version="1.0" encoding="UTF-8"?>
<!-- Generated by org.testng.reporters.JUnitReportReporter -->
<testsuite hostname="DESKTOP-7SU4C42" failures="0" tests="3" name="mynewtest" time="16.225" errors="0" timestamp="2023-10-24T13:11:26 EET" skipped="0">
  <testcase classname="mynewtest" name="LoginWithProblemUser" time="4.371"/>
  <system-out/>
  <testcase classname="mynewtest" name="LoginWithStandardUSer" time="3.317"/>
  <system-out/>
  <testcase classname="mynewtest" name="LoginWithPerformanceUser" time="8.537"/>
  <system-out/>
</testsuite> <!-- mynewtest -->
